{"numTotalTestSuites":21,"numPassedTestSuites":21,"numFailedTestSuites":0,"numPendingTestSuites":0,"numTotalTests":41,"numPassedTests":41,"numFailedTests":0,"numPendingTests":0,"numTodoTests":0,"snapshot":{"added":0,"failure":false,"filesAdded":0,"filesRemoved":0,"filesRemovedList":[],"filesUnmatched":0,"filesUpdated":0,"matched":0,"total":0,"unchecked":0,"uncheckedKeysByFile":[],"unmatched":0,"updated":0,"didUpdate":false},"startTime":1756806856404,"success":true,"testResults":[{"assertionResults":[{"ancestorTitles":["BackButton Component"],"fullName":"BackButton Component should render correctly","status":"passed","title":"should render correctly","duration":163.33489999999983,"failureMessages":[],"meta":{}},{"ancestorTitles":["BackButton Component"],"fullName":"BackButton Component should be clickable","status":"passed","title":"should be clickable","duration":134.07839999999987,"failureMessages":[],"meta":{}},{"ancestorTitles":["BackButton Component"],"fullName":"BackButton Component should render custom children","status":"passed","title":"should render custom children","duration":15.570300000000316,"failureMessages":[],"meta":{}},{"ancestorTitles":["BackButton Component"],"fullName":"BackButton Component should have proper accessibility attributes","status":"passed","title":"should have proper accessibility attributes","duration":20.196699999999964,"failureMessages":[],"meta":{}}],"startTime":1756806859546,"endTime":1756806859879.1968,"status":"passed","message":"","name":"D:/github sync/bridge-to-lovable/src/components/__tests__/BackButton.test.tsx"},{"assertionResults":[{"ancestorTitles":["cn utility"],"fullName":"cn utility merges Tailwind classes with last-one-wins for conflicts","status":"passed","title":"merges Tailwind classes with last-one-wins for conflicts","duration":6.567099999999982,"failureMessages":[],"meta":{}},{"ancestorTitles":["cn utility"],"fullName":"cn utility handles falsy values and arrays/objects like clsx","status":"passed","title":"handles falsy values and arrays/objects like clsx","duration":1.1873000000000502,"failureMessages":[],"meta":{}},{"ancestorTitles":["cn utility"],"fullName":"cn utility deduplicates utilities correctly","status":"passed","title":"deduplicates utilities correctly","duration":0.23119999999994434,"failureMessages":[],"meta":{}}],"startTime":1756806861264,"endTime":1756806861272.2312,"status":"passed","message":"","name":"D:/github sync/bridge-to-lovable/src/lib/__tests__/utils.test.ts"},{"assertionResults":[{"ancestorTitles":["Blog Page Integration Tests"],"fullName":"Blog Page Integration Tests should render loading state initially","status":"passed","title":"should render loading state initially","duration":148.57000000000016,"failureMessages":[],"meta":{}},{"ancestorTitles":["Blog Page Integration Tests"],"fullName":"Blog Page Integration Tests should display Categories panel on desktop","status":"passed","title":"should display Categories panel on desktop","duration":1440.0707999999995,"failureMessages":[],"meta":{}},{"ancestorTitles":["Blog Page Integration Tests"],"fullName":"Blog Page Integration Tests should show featured articles in right sidebar","status":"passed","title":"should show featured articles in right sidebar","duration":186.73889999999938,"failureMessages":[],"meta":{}},{"ancestorTitles":["Blog Page Integration Tests"],"fullName":"Blog Page Integration Tests should load blog content when a featured article is clicked","status":"passed","title":"should load blog content when a featured article is clicked","duration":307.5061999999998,"failureMessages":[],"meta":{}},{"ancestorTitles":["Blog Page Integration Tests"],"fullName":"Blog Page Integration Tests should load blog content when blog post is clicked","status":"passed","title":"should load blog content when blog post is clicked","duration":198.78849999999966,"failureMessages":[],"meta":{}},{"ancestorTitles":["Blog Page Integration Tests"],"fullName":"Blog Page Integration Tests should show placeholder when no blog is selected","status":"passed","title":"should show placeholder when no blog is selected","duration":99.66799999999967,"failureMessages":[],"meta":{}},{"ancestorTitles":["Blog Page Integration Tests"],"fullName":"Blog Page Integration Tests should be responsive on mobile devices","status":"passed","title":"should be responsive on mobile devices","duration":211.11250000000018,"failureMessages":[],"meta":{}}],"startTime":1756806860427,"endTime":1756806863020.1125,"status":"passed","message":"","name":"D:/github sync/bridge-to-lovable/src/pages/__tests__/Blog.test.tsx"},{"assertionResults":[{"ancestorTitles":["Date Utilities","formatDate"],"fullName":"Date Utilities formatDate should format a date string correctly","status":"passed","title":"should format a date string correctly","duration":4.186199999999644,"failureMessages":[],"meta":{}},{"ancestorTitles":["Date Utilities","formatDate"],"fullName":"Date Utilities formatDate should format a Date object correctly","status":"passed","title":"should format a Date object correctly","duration":0.5065999999997075,"failureMessages":[],"meta":{}},{"ancestorTitles":["Date Utilities","formatDate"],"fullName":"Date Utilities formatDate should handle leap year dates","status":"passed","title":"should handle leap year dates","duration":0.5208999999999833,"failureMessages":[],"meta":{}},{"ancestorTitles":["Date Utilities","formatDateTime"],"fullName":"Date Utilities formatDateTime should format date and time correctly","status":"passed","title":"should format date and time correctly","duration":0.9221000000002277,"failureMessages":[],"meta":{}},{"ancestorTitles":["Date Utilities","formatRelativeDate"],"fullName":"Date Utilities formatRelativeDate should return \"Just now\" for recent dates","status":"passed","title":"should return \"Just now\" for recent dates","duration":0.5298999999999978,"failureMessages":[],"meta":{}},{"ancestorTitles":["Date Utilities","formatRelativeDate"],"fullName":"Date Utilities formatRelativeDate should return hours for dates within 24 hours","status":"passed","title":"should return hours for dates within 24 hours","duration":0.34110000000009677,"failureMessages":[],"meta":{}},{"ancestorTitles":["Date Utilities","formatRelativeDate"],"fullName":"Date Utilities formatRelativeDate should return days for dates within a week","status":"passed","title":"should return days for dates within a week","duration":0.23320000000012442,"failureMessages":[],"meta":{}},{"ancestorTitles":["Date Utilities","formatRelativeDate"],"fullName":"Date Utilities formatRelativeDate should return formatted date for older dates","status":"passed","title":"should return formatted date for older dates","duration":0.29700000000002547,"failureMessages":[],"meta":{}}],"startTime":1756806859278,"endTime":1756806859287.297,"status":"passed","message":"","name":"D:/github sync/bridge-to-lovable/src/utils/__tests__/dateUtils.test.ts"},{"assertionResults":[{"ancestorTitles":["DocumentParser"],"fullName":"DocumentParser parses simple HTML into standardized blocks and excerpt","status":"passed","title":"parses simple HTML into standardized blocks and excerpt","duration":45.36920000000009,"failureMessages":[],"meta":{}},{"ancestorTitles":["DocumentParser"],"fullName":"DocumentParser parses plain text into blocks with inferred title","status":"passed","title":"parses plain text into blocks with inferred title","duration":1.1046999999998661,"failureMessages":[],"meta":{}}],"startTime":1756806859459,"endTime":1756806859506.1047,"status":"passed","message":"","name":"D:/github sync/bridge-to-lovable/src/utils/__tests__/documentParser.test.ts"},{"assertionResults":[{"ancestorTitles":["formatDate"],"fullName":"formatDate should format a date string correctly","status":"passed","title":"should format a date string correctly","duration":2.098899999999958,"failureMessages":[],"meta":{}},{"ancestorTitles":["formatDate"],"fullName":"formatDate should format a Date object correctly","status":"passed","title":"should format a Date object correctly","duration":0.3027999999999338,"failureMessages":[],"meta":{}},{"ancestorTitles":["formatDate"],"fullName":"formatDate should handle leap year dates","status":"passed","title":"should handle leap year dates","duration":0.18840000000000146,"failureMessages":[],"meta":{}},{"ancestorTitles":["formatDate"],"fullName":"formatDate should format current date","status":"passed","title":"should format current date","duration":0.3061000000000149,"failureMessages":[],"meta":{}}],"startTime":1756806861540,"endTime":1756806861543.3062,"status":"passed","message":"","name":"D:/github sync/bridge-to-lovable/src/utils/__tests__/formatDate.test.ts"},{"assertionResults":[{"ancestorTitles":["InlinePricing"],"fullName":"InlinePricing returns null for unknown key","status":"passed","title":"returns null for unknown key","duration":25.683500000000095,"failureMessages":[],"meta":{}},{"ancestorTitles":["InlinePricing"],"fullName":"InlinePricing toggles pricing section on button click","status":"passed","title":"toggles pricing section on button click","duration":535.0865999999996,"failureMessages":[],"meta":{}}],"startTime":1756806859856,"endTime":1756806860417.0867,"status":"passed","message":"","name":"D:/github sync/bridge-to-lovable/src/components/pricing/__tests__/InlinePricing.test.tsx"},{"assertionResults":[{"ancestorTitles":["PricingSection"],"fullName":"PricingSection renders plan cards and default annual pricing","status":"passed","title":"renders plan cards and default annual pricing","duration":154.99309999999969,"failureMessages":[],"meta":{}},{"ancestorTitles":["PricingSection"],"fullName":"PricingSection toggles to monthly pricing with switch","status":"passed","title":"toggles to monthly pricing with switch","duration":290.5191,"failureMessages":[],"meta":{}},{"ancestorTitles":["PricingSection"],"fullName":"PricingSection shows correct CTA text based on plan type","status":"passed","title":"shows correct CTA text based on plan type","duration":70.80309999999963,"failureMessages":[],"meta":{}}],"startTime":1756806859933,"endTime":1756806860448.803,"status":"passed","message":"","name":"D:/github sync/bridge-to-lovable/src/components/pricing/__tests__/PricingSection.test.tsx"},{"assertionResults":[{"ancestorTitles":["Button Component"],"fullName":"Button Component should render with default props","status":"passed","title":"should render with default props","duration":162.64999999999964,"failureMessages":[],"meta":{}},{"ancestorTitles":["Button Component"],"fullName":"Button Component should render with different variants","status":"passed","title":"should render with different variants","duration":44.67659999999978,"failureMessages":[],"meta":{}},{"ancestorTitles":["Button Component"],"fullName":"Button Component should render with different sizes","status":"passed","title":"should render with different sizes","duration":43.96549999999979,"failureMessages":[],"meta":{}},{"ancestorTitles":["Button Component"],"fullName":"Button Component should handle click events","status":"passed","title":"should handle click events","duration":72.32650000000012,"failureMessages":[],"meta":{}},{"ancestorTitles":["Button Component"],"fullName":"Button Component should be disabled when disabled prop is true","status":"passed","title":"should be disabled when disabled prop is true","duration":69.5607,"failureMessages":[],"meta":{}},{"ancestorTitles":["Button Component"],"fullName":"Button Component should apply custom className","status":"passed","title":"should apply custom className","duration":17.41249999999991,"failureMessages":[],"meta":{}},{"ancestorTitles":["Button Component"],"fullName":"Button Component should render as different element when asChild is true","status":"passed","title":"should render as different element when asChild is true","duration":18.646299999999883,"failureMessages":[],"meta":{}},{"ancestorTitles":["Button Component"],"fullName":"Button Component should forward ref correctly","status":"passed","title":"should forward ref correctly","duration":2.972200000000157,"failureMessages":[],"meta":{}}],"startTime":1756806859640,"endTime":1756806860072.9722,"status":"passed","message":"","name":"D:/github sync/bridge-to-lovable/src/components/ui/__tests__/button.test.tsx"}]}