{"numTotalTestSuites":13,"numPassedTestSuites":13,"numFailedTestSuites":0,"numPendingTestSuites":0,"numTotalTests":31,"numPassedTests":31,"numFailedTests":0,"numPendingTests":0,"numTodoTests":0,"snapshot":{"added":0,"failure":false,"filesAdded":0,"filesRemoved":0,"filesRemovedList":[],"filesUnmatched":0,"filesUpdated":0,"matched":0,"total":0,"unchecked":0,"uncheckedKeysByFile":[],"unmatched":0,"updated":0,"didUpdate":false},"startTime":1756803487716,"success":true,"testResults":[{"assertionResults":[{"ancestorTitles":["BackButton Component"],"fullName":"BackButton Component should render correctly","status":"passed","title":"should render correctly","duration":240.9360000000006,"failureMessages":[],"meta":{}},{"ancestorTitles":["BackButton Component"],"fullName":"BackButton Component should be clickable","status":"passed","title":"should be clickable","duration":120.8157000000001,"failureMessages":[],"meta":{}},{"ancestorTitles":["BackButton Component"],"fullName":"BackButton Component should render custom children","status":"passed","title":"should render custom children","duration":13.707800000000134,"failureMessages":[],"meta":{}},{"ancestorTitles":["BackButton Component"],"fullName":"BackButton Component should have proper accessibility attributes","status":"passed","title":"should have proper accessibility attributes","duration":29.46679999999924,"failureMessages":[],"meta":{}}],"startTime":1756803494073,"endTime":1756803494477.4668,"status":"passed","message":"","name":"D:/github sync/bridge-to-lovable/src/components/__tests__/BackButton.test.tsx"},{"assertionResults":[{"ancestorTitles":["Blog Page Integration Tests"],"fullName":"Blog Page Integration Tests should render loading state initially","status":"passed","title":"should render loading state initially","duration":256.5550000000003,"failureMessages":[],"meta":{}},{"ancestorTitles":["Blog Page Integration Tests"],"fullName":"Blog Page Integration Tests should display Categories panel on desktop","status":"passed","title":"should display Categories panel on desktop","duration":2514.3473000000004,"failureMessages":[],"meta":{}},{"ancestorTitles":["Blog Page Integration Tests"],"fullName":"Blog Page Integration Tests should show featured articles in right sidebar","status":"passed","title":"should show featured articles in right sidebar","duration":170.98649999999907,"failureMessages":[],"meta":{}},{"ancestorTitles":["Blog Page Integration Tests"],"fullName":"Blog Page Integration Tests should load blog content when a featured article is clicked","status":"passed","title":"should load blog content when a featured article is clicked","duration":506.96579999999994,"failureMessages":[],"meta":{}},{"ancestorTitles":["Blog Page Integration Tests"],"fullName":"Blog Page Integration Tests should load blog content when blog post is clicked","status":"passed","title":"should load blog content when blog post is clicked","duration":358.4277999999995,"failureMessages":[],"meta":{}},{"ancestorTitles":["Blog Page Integration Tests"],"fullName":"Blog Page Integration Tests should show placeholder when no blog is selected","status":"passed","title":"should show placeholder when no blog is selected","duration":133.96399999999994,"failureMessages":[],"meta":{}},{"ancestorTitles":["Blog Page Integration Tests"],"fullName":"Blog Page Integration Tests should be responsive on mobile devices","status":"passed","title":"should be responsive on mobile devices","duration":229.66779999999926,"failureMessages":[],"meta":{}}],"startTime":1756803495143,"endTime":1756803499314.6677,"status":"passed","message":"","name":"D:/github sync/bridge-to-lovable/src/pages/__tests__/Blog.test.tsx"},{"assertionResults":[{"ancestorTitles":["Date Utilities","formatDate"],"fullName":"Date Utilities formatDate should format a date string correctly","status":"passed","title":"should format a date string correctly","duration":7.05199999999968,"failureMessages":[],"meta":{}},{"ancestorTitles":["Date Utilities","formatDate"],"fullName":"Date Utilities formatDate should format a Date object correctly","status":"passed","title":"should format a Date object correctly","duration":0.892399999999725,"failureMessages":[],"meta":{}},{"ancestorTitles":["Date Utilities","formatDate"],"fullName":"Date Utilities formatDate should handle leap year dates","status":"passed","title":"should handle leap year dates","duration":0.9143000000003667,"failureMessages":[],"meta":{}},{"ancestorTitles":["Date Utilities","formatDateTime"],"fullName":"Date Utilities formatDateTime should format date and time correctly","status":"passed","title":"should format date and time correctly","duration":0.9050999999999476,"failureMessages":[],"meta":{}},{"ancestorTitles":["Date Utilities","formatRelativeDate"],"fullName":"Date Utilities formatRelativeDate should return \"Just now\" for recent dates","status":"passed","title":"should return \"Just now\" for recent dates","duration":0.5585000000000946,"failureMessages":[],"meta":{}},{"ancestorTitles":["Date Utilities","formatRelativeDate"],"fullName":"Date Utilities formatRelativeDate should return hours for dates within 24 hours","status":"passed","title":"should return hours for dates within 24 hours","duration":0.3545000000003711,"failureMessages":[],"meta":{}},{"ancestorTitles":["Date Utilities","formatRelativeDate"],"fullName":"Date Utilities formatRelativeDate should return days for dates within a week","status":"passed","title":"should return days for dates within a week","duration":0.26520000000073196,"failureMessages":[],"meta":{}},{"ancestorTitles":["Date Utilities","formatRelativeDate"],"fullName":"Date Utilities formatRelativeDate should return formatted date for older dates","status":"passed","title":"should return formatted date for older dates","duration":0.3106999999999971,"failureMessages":[],"meta":{}}],"startTime":1756803493481,"endTime":1756803493493.3108,"status":"passed","message":"","name":"D:/github sync/bridge-to-lovable/src/utils/__tests__/dateUtils.test.ts"},{"assertionResults":[{"ancestorTitles":["formatDate"],"fullName":"formatDate should format a date string correctly","status":"passed","title":"should format a date string correctly","duration":11.3757999999998,"failureMessages":[],"meta":{}},{"ancestorTitles":["formatDate"],"fullName":"formatDate should format a Date object correctly","status":"passed","title":"should format a Date object correctly","duration":3.2836000000006607,"failureMessages":[],"meta":{}},{"ancestorTitles":["formatDate"],"fullName":"formatDate should handle leap year dates","status":"passed","title":"should handle leap year dates","duration":1.854500000000371,"failureMessages":[],"meta":{}},{"ancestorTitles":["formatDate"],"fullName":"formatDate should format current date","status":"passed","title":"should format current date","duration":2.965700000000652,"failureMessages":[],"meta":{}}],"startTime":1756803493448,"endTime":1756803493469.9658,"status":"passed","message":"","name":"D:/github sync/bridge-to-lovable/src/utils/__tests__/formatDate.test.ts"},{"assertionResults":[{"ancestorTitles":["Button Component"],"fullName":"Button Component should render with default props","status":"passed","title":"should render with default props","duration":260.28799999999956,"failureMessages":[],"meta":{}},{"ancestorTitles":["Button Component"],"fullName":"Button Component should render with different variants","status":"passed","title":"should render with different variants","duration":61.670100000000275,"failureMessages":[],"meta":{}},{"ancestorTitles":["Button Component"],"fullName":"Button Component should render with different sizes","status":"passed","title":"should render with different sizes","duration":19.150899999999638,"failureMessages":[],"meta":{}},{"ancestorTitles":["Button Component"],"fullName":"Button Component should handle click events","status":"passed","title":"should handle click events","duration":113.63529999999992,"failureMessages":[],"meta":{}},{"ancestorTitles":["Button Component"],"fullName":"Button Component should be disabled when disabled prop is true","status":"passed","title":"should be disabled when disabled prop is true","duration":90.3741,"failureMessages":[],"meta":{}},{"ancestorTitles":["Button Component"],"fullName":"Button Component should apply custom className","status":"passed","title":"should apply custom className","duration":10.692000000000007,"failureMessages":[],"meta":{}},{"ancestorTitles":["Button Component"],"fullName":"Button Component should render as different element when asChild is true","status":"passed","title":"should render as different element when asChild is true","duration":31.110599999999977,"failureMessages":[],"meta":{}},{"ancestorTitles":["Button Component"],"fullName":"Button Component should forward ref correctly","status":"passed","title":"should forward ref correctly","duration":3.793499999999767,"failureMessages":[],"meta":{}}],"startTime":1756803494104,"endTime":1756803494694.7935,"status":"passed","message":"","name":"D:/github sync/bridge-to-lovable/src/components/ui/__tests__/button.test.tsx"}]}